  Admin.cpp
  BanDoc.cpp
E:\c\TV\THUMUC\Date.h(33,8): warning C4101: 'buffer': unreferenced local variable
  Date.cpp
E:\c\TV\THUMUC\Date.h(33,8): warning C4101: 'buffer': unreferenced local variable
  GiaoVien.cpp
E:\c\TV\THUMUC\Date.h(33,8): warning C4101: 'buffer': unreferenced local variable
  hamchinh.cpp
E:\c\TV\THUMUC\Date.h(33,8): warning C4101: 'buffer': unreferenced local variable
E:\c\TV\THUMUC\hamchinh.cpp(86,1): warning C4326: return type of 'main' should be 'int' instead of 'void'
E:\c\TV\THUMUC\hamchinh.cpp(291,12): warning C4101: 'soluong': unreferenced local variable
E:\c\TV\THUMUC\hamchinh.cpp(291,6): warning C4101: 'soDT': unreferenced local variable
E:\c\TV\THUMUC\hamchinh.cpp(962,11): warning C4129: '*': unrecognized character escape sequence
  PhieuMuon.cpp
E:\c\TV\THUMUC\Date.h(33,8): warning C4101: 'buffer': unreferenced local variable
  Sach.cpp
E:\c\TV\THUMUC\Date.h(33,8): warning C4101: 'buffer': unreferenced local variable
  SinhVien.cpp
E:\c\TV\THUMUC\Date.h(33,8): warning C4101: 'buffer': unreferenced local variable
  Generating code
  Previous IPDB not found, fall back to full compilation.
  All 675 functions were compiled because no usable IPDB/IOBJ from previous compilation was found.
  Finished generating code
  THUVIEN.vcxproj -> C:\Users\Nhat Le\source\repos\THUVIEN\x64\Release\THUVIEN.exe
